  AStar.cc
C:\Users\33695\Desktop\PROGRAMMATION\C++\Fourmis\cpp_starter_package\AStar.cc(46,42): warning C4244: 'argument' : conversion de 'int' en 'float', perte possible de données
C:\Users\33695\Desktop\PROGRAMMATION\C++\Fourmis\cpp_starter_package\AStar.cc(46,31): warning C4244: 'argument' : conversion de 'int' en 'float', perte possible de données
C:\Users\33695\Desktop\PROGRAMMATION\C++\Fourmis\cpp_starter_package\AStar.cc(46,53): warning C4244: 'return' : conversion de 'float' en 'int', perte possible de données
C:\Users\33695\Desktop\PROGRAMMATION\C++\Fourmis\cpp_starter_package\AStar.cc(100,20): warning C4244: '=' : conversion de 'double' en 'int', perte possible de données
C:\Users\33695\Desktop\PROGRAMMATION\C++\Fourmis\cpp_starter_package\AStar.cc(101,20): warning C4244: '=' : conversion de 'double' en 'int', perte possible de données
C:\Users\33695\Desktop\PROGRAMMATION\C++\Fourmis\cpp_starter_package\AStar.cc(102,20): warning C4244: '=' : conversion de 'double' en 'int', perte possible de données
  Bot.cc
C:\Users\33695\Desktop\PROGRAMMATION\C++\Fourmis\cpp_starter_package\Bot.cc(112,75): warning C4267: 'argument' : conversion de 'size_t' en 'int', perte possible de données
C:\Users\33695\Desktop\PROGRAMMATION\C++\Fourmis\cpp_starter_package\Bot.cc(152,17): warning C4244: 'initialisation' : conversion de 'double' en 'int', perte possible de données
C:\Users\33695\Desktop\PROGRAMMATION\C++\Fourmis\cpp_starter_package\Bot.cc(194,18): warning C4244: 'initialisation' : conversion de 'double' en 'int', perte possible de données
C:\Users\33695\Desktop\PROGRAMMATION\C++\Fourmis\cpp_starter_package\Bot.cc(258,21): warning C4244: 'initialisation' : conversion de 'double' en 'float', perte possible de données
C:\Users\33695\Desktop\PROGRAMMATION\C++\Fourmis\cpp_starter_package\Bot.cc(274,16): warning C4244: 'initialisation' : conversion de 'double' en 'int', perte possible de données
C:\Users\33695\Desktop\PROGRAMMATION\C++\Fourmis\cpp_starter_package\Bot.cc(292,17): warning C4244: 'initialisation' : conversion de 'double' en 'int', perte possible de données
C:\Users\33695\Desktop\PROGRAMMATION\C++\Fourmis\cpp_starter_package\Bot.cc(306,24): warning C4267: 'initialisation' : conversion de 'size_t' en 'int', perte possible de données
C:\Users\33695\Desktop\PROGRAMMATION\C++\Fourmis\cpp_starter_package\Bot.cc(351,18): warning C4244: 'initialisation' : conversion de 'double' en 'int', perte possible de données
C:\Users\33695\Desktop\PROGRAMMATION\C++\Fourmis\cpp_starter_package\Bot.cc(405,18): warning C4244: 'initialisation' : conversion de 'double' en 'int', perte possible de données
  MyBot.cc
  Génération de code en cours...
  Fourmis.vcxproj -> C:\Users\33695\Desktop\PROGRAMMATION\C++\Fourmis\cpp_starter_package\x64\Debug\Fourmis.exe
